d:\mentorship\fwd_projects\paymentapp\x64\debug\vc143.pdb
d:\mentorship\fwd_projects\paymentapp\x64\debug\vc143.idb
d:\mentorship\fwd_projects\paymentapp\x64\debug\unit_test.obj
d:\mentorship\fwd_projects\paymentapp\x64\debug\test_terminal.obj
d:\mentorship\fwd_projects\paymentapp\x64\debug\terminal.obj
d:\mentorship\fwd_projects\paymentapp\x64\debug\test_server.obj
d:\mentorship\fwd_projects\paymentapp\x64\debug\server.obj
d:\mentorship\fwd_projects\paymentapp\x64\debug\test_card.obj
d:\mentorship\fwd_projects\paymentapp\x64\debug\test_app.obj
d:\mentorship\fwd_projects\paymentapp\x64\debug\card.obj
d:\mentorship\fwd_projects\paymentapp\x64\debug\app.obj
d:\mentorship\fwd_projects\paymentapp\x64\debug\paymentapp.pdb
d:\mentorship\fwd_projects\paymentapp\x64\debug\paymentapp.tlog\cl.command.1.tlog
d:\mentorship\fwd_projects\paymentapp\x64\debug\paymentapp.tlog\cl.read.1.tlog
d:\mentorship\fwd_projects\paymentapp\x64\debug\paymentapp.tlog\cl.write.1.tlog
d:\mentorship\fwd_projects\paymentapp\x64\debug\paymentapp.tlog\link-cvtres.read.1.tlog
d:\mentorship\fwd_projects\paymentapp\x64\debug\paymentapp.tlog\link-cvtres.write.1.tlog
d:\mentorship\fwd_projects\paymentapp\x64\debug\paymentapp.tlog\link-rc.read.1.tlog
d:\mentorship\fwd_projects\paymentapp\x64\debug\paymentapp.tlog\link-rc.write.1.tlog
d:\mentorship\fwd_projects\paymentapp\x64\debug\paymentapp.tlog\link.11948-cvtres.read.1.tlog
d:\mentorship\fwd_projects\paymentapp\x64\debug\paymentapp.tlog\link.11948-cvtres.write.1.tlog
d:\mentorship\fwd_projects\paymentapp\x64\debug\paymentapp.tlog\link.11948-rc.read.1.tlog
d:\mentorship\fwd_projects\paymentapp\x64\debug\paymentapp.tlog\link.11948-rc.write.1.tlog
d:\mentorship\fwd_projects\paymentapp\x64\debug\paymentapp.tlog\link.11948.read.1.tlog
d:\mentorship\fwd_projects\paymentapp\x64\debug\paymentapp.tlog\link.11948.read.2.tlog
d:\mentorship\fwd_projects\paymentapp\x64\debug\paymentapp.tlog\link.11948.write.1.tlog
d:\mentorship\fwd_projects\paymentapp\x64\debug\paymentapp.tlog\link.command.1.tlog
d:\mentorship\fwd_projects\paymentapp\x64\debug\paymentapp.tlog\link.read.1.tlog
d:\mentorship\fwd_projects\paymentapp\x64\debug\paymentapp.tlog\link.read.2.tlog
d:\mentorship\fwd_projects\paymentapp\x64\debug\paymentapp.tlog\link.write.1.tlog
